<?xml version="1.0" encoding="UTF-8"?>
<!-- Generated by org.testng.reporters.JUnitXMLReporter -->
<testsuite ignored="0" hostname="DESKTOP-G63O7EK" failures="0" tests="24" name="Default test" time="221.073" errors="0" timestamp="2025-01-05T17:52:19 IST">
  <testcase classname="test.Test008_Container" name="productButtonTest" time="2.321"/>
  <testcase classname="test.Test008_Container" name="selectProduct" time="12.63"/>
  <testcase classname="test.Test008_Container" name="selectCart" time="4.286"/>
  <testcase classname="test.Test008_Container" name="containerBoxVisibilityTest" time="3.094"/>
  <testcase classname="test.Test008_Container" name="toggleSwitchTest" time="6.281"/>
  <testcase classname="test.Test008_Container" name="clickCreateOrderTest" time="5.379"/>
  <testcase classname="test.Test008_Container" name="clickChooseCustomerTest" time="8.189"/>
  <testcase classname="test.Test008_Container" name="customerSearchTest" time="23.543"/>
  <testcase classname="test.Test008_Container" name="checkContainerOnCartPageAfterSelectingCustomerTest" time="3.277"/>
  <testcase classname="test.Test008_Container" name="defaultCFTTest" time="0.035"/>
  <testcase classname="test.Test008_Container" name="clickCBMTest" time="5.145"/>
  <testcase classname="test.Test008_Container" name="selctCBMFromDropdownTest" time="24.454"/>
  <testcase classname="test.Test008_Container" name="clickCFTAgainAndSelctCFTFromDropdownTest" time="24.469"/>
  <testcase classname="test.Test008_Container" name="toggleSwitchAgainTest" time="6.206"/>
  <testcase classname="test.Test008_Container" name="clickCreateOrder2ButtonTest" time="8.167"/>
  <testcase classname="test.Test008_Container" name="clickProceedButtonTest" time="5.144"/>
  <testcase classname="test.Test008_Container" name="toggleSwitchCheckTest" time="3.009"/>
  <testcase classname="test.Test008_Container" name="clickEditButtonTest" time="5.148"/>
  <testcase classname="test.Test008_Container" name="clickAddProductsButtonTest" time="8.184"/>
  <testcase classname="test.Test008_Container" name="selectmoreProductTest" time="26.807"/>
  <testcase classname="test.Test008_Container" name="selectCartAgainTest" time="3.165"/>
  <testcase classname="test.Test008_Container" name="toggleSwitchCheckTest2" time="3.009"/>
  <testcase classname="test.Test008_Container" name="clickUpdateQuoteButtonTest" time="8.124"/>
  <testcase classname="test.Test008_Container" name="toggleSwitchCheckTest3" time="3.016"/>
</testsuite> <!-- Default test -->
